<?xml version="1.0" ?>
<coverage version="7.4.0" timestamp="1706851513225" lines-valid="13" lines-covered="12" line-rate="0.9231" branches-valid="6" branches-covered="6" branch-rate="1" complexity="0">
	<!-- Generated by coverage.py: https://coverage.readthedocs.io/en/7.4.0 -->
	<!-- Based on https://raw.githubusercontent.com/cobertura/web/master/htdocs/xml/coverage-04.dtd -->
	<sources>
		<source></source>
		<source>.</source>
	</sources>
	<packages>
		<package name="src" line-rate="0.9231" branch-rate="1" complexity="0">
			<classes>
				<class name="..." filename="src/..." complexity="0" line-rate="0.9231" branch-rate="1">
					<methods/>
					<lines>
						...
					</lines>
				</class>
			</classes>
		</package>
	</packages>
</coverage>
